<?xml version="1.0" encoding="UTF-8"?>
<!-- Generated by org.testng.reporters.JUnitXMLReporter -->
<testsuite ignored="0" hostname="CISPL-IO-80" failures="0" tests="4" name="Error validation test" time="51.872" errors="0" timestamp="2023-10-18T19:38:26 IST">
  <testcase classname="CodeClouds.PracticeFrameWork.OrderPlaced" name="submitOrder" time="12.386"/>
  <testcase classname="CodeClouds.PracticeFrameWork.OrderPlaced" name="submitOrder" time="10.787"/>
  <testcase classname="CodeClouds.PracticeFrameWork.OrderPlaced" name="cartVerify" time="1.604"/>
  <testcase classname="CodeClouds.PracticeFrameWork.OrderPlaced" name="cartVerify" time="1.434"/>
</testsuite> <!-- Error validation test -->
