<?xml version="1.0" encoding="UTF-8"?>
<!-- Generated by org.testng.reporters.JUnitXMLReporter -->
<testsuite ignored="2" hostname="CISPL-IO-80" failures="0" tests="0" time="0.003" errors="0" timestamp="2024-01-23T14:56:23 IST">
  <testcase classname="CodeClouds.PracticeFrameWork.OrderPlaced" name="cartVerify" time="0.0">
    <ignored/>
  </testcase> <!-- cartVerify -->
  <testcase classname="CodeClouds.PracticeFrameWork.OrderPlaced" name="submitOrder" time="0.0">
    <ignored/>
  </testcase> <!-- submitOrder -->
</testsuite>
