<?xml version="1.0" encoding="UTF-8"?>
<!-- Generated by org.testng.reporters.JUnitXMLReporter -->
<testsuite ignored="0" hostname="CISPL-IO-80" failures="1" tests="1" name="Test" time="13.529" errors="0" timestamp="2023-10-18T19:37:49 IST">
  <testcase classname="CodeClouds.PracticeFrameWork.ValidationTest" name="validationTest" time="1.347">
    <failure type="java.lang.AssertionError" message="expected [Incorrect email or password1.] but found [Incorrect email or password.]">
      <![CDATA[java.lang.AssertionError: expected [Incorrect email or password1.] but found [Incorrect email or password.]
at CodeClouds.PracticeFrameWork.ValidationTest.validationTest(ValidationTest.java:14)
at java.base/java.util.ArrayList.forEach(ArrayList.java:1511)
at java.base/java.util.concurrent.FutureTask.run(FutureTask.java:264)
at java.base/java.util.concurrent.ThreadPoolExecutor.runWorker(ThreadPoolExecutor.java:1136)
at java.base/java.util.concurrent.ThreadPoolExecutor$Worker.run(ThreadPoolExecutor.java:635)
at java.base/java.lang.Thread.run(Thread.java:833)
... Removed 23 stack frames]]>
    </failure>
  </testcase> <!-- validationTest -->
</testsuite> <!-- Test -->
