<?xml version="1.0" encoding="UTF-8"?>
<testng-results ignored="0" total="1" passed="1" failed="0" skipped="0">
  <reporter-output>
  </reporter-output>
  <suite started-at="2023-10-27T19:20:33 IST" name="Submit Order Test" finished-at="2023-10-27T19:20:44 IST" duration-ms="11088">
    <groups>
      <group name="groupTest">
        <method signature="ValidationTest.validationTest()[pri:0, instance:CodeClouds.PracticeFrameWork.ValidationTest@14dd9eb7]" name="validationTest" class="CodeClouds.PracticeFrameWork.ValidationTest"/>
      </group> <!-- groupTest -->
    </groups>
    <test started-at="2023-10-27T19:20:33 IST" name="Test" finished-at="2023-10-27T19:20:44 IST" duration-ms="11048">
      <class name="CodeClouds.PracticeFrameWork.ValidationTest">
        <test-method is-config="true" signature="gotoLandingPage()[pri:0, instance:CodeClouds.PracticeFrameWork.ValidationTest@14dd9eb7]" started-at="2023-10-27T19:20:33 IST" name="gotoLandingPage" finished-at="2023-10-27T19:20:43 IST" duration-ms="10225" status="PASS">
          <reporter-output>
          </reporter-output>
        </test-method> <!-- gotoLandingPage -->
        <test-method signature="validationTest()[pri:0, instance:CodeClouds.PracticeFrameWork.ValidationTest@14dd9eb7]" started-at="2023-10-27T19:20:43 IST" name="validationTest" finished-at="2023-10-27T19:20:44 IST" duration-ms="581" status="PASS">
          <reporter-output>
          </reporter-output>
        </test-method> <!-- validationTest -->
        <test-method is-config="true" signature="closeBrowser()[pri:0, instance:CodeClouds.PracticeFrameWork.ValidationTest@14dd9eb7]" started-at="2023-10-27T19:20:44 IST" name="closeBrowser" finished-at="2023-10-27T19:20:44 IST" duration-ms="121" status="PASS">
          <reporter-output>
          </reporter-output>
        </test-method> <!-- closeBrowser -->
      </class> <!-- CodeClouds.PracticeFrameWork.ValidationTest -->
    </test> <!-- Test -->
    <test started-at="2023-10-27T19:20:44 IST" name="Error validation test" finished-at="2023-10-27T19:20:44 IST" duration-ms="1">
    </test> <!-- Error validation test -->
  </suite> <!-- Submit Order Test -->
</testng-results>
