<?xml version="1.0" encoding="UTF-8"?>
<testng-results ignored="0" total="1" passed="1" failed="0" skipped="0">
  <reporter-output>
  </reporter-output>
  <suite started-at="2024-01-23T14:56:15 IST" name="Submit Order Test" finished-at="2024-01-23T14:56:23 IST" duration-ms="8548">
    <groups>
      <group name="groupTest">
        <method signature="ValidationTest.validationTest()[pri:0, instance:CodeClouds.PracticeFrameWork.ValidationTest@74235045]" name="validationTest" class="CodeClouds.PracticeFrameWork.ValidationTest"/>
      </group> <!-- groupTest -->
    </groups>
    <test started-at="2024-01-23T14:56:15 IST" name="Test" finished-at="2024-01-23T14:56:23 IST" duration-ms="8458">
      <class name="CodeClouds.PracticeFrameWork.ValidationTest">
        <test-method is-config="true" signature="gotoLandingPage()[pri:0, instance:CodeClouds.PracticeFrameWork.ValidationTest@74235045]" started-at="2024-01-23T14:56:15 IST" name="gotoLandingPage" finished-at="2024-01-23T14:56:22 IST" duration-ms="6744" status="PASS">
          <reporter-output>
          </reporter-output>
        </test-method> <!-- gotoLandingPage -->
        <test-method signature="validationTest()[pri:0, instance:CodeClouds.PracticeFrameWork.ValidationTest@74235045]" started-at="2024-01-23T14:56:22 IST" name="validationTest" finished-at="2024-01-23T14:56:23 IST" duration-ms="1005" status="PASS">
          <reporter-output>
          </reporter-output>
        </test-method> <!-- validationTest -->
        <test-method is-config="true" signature="closeBrowser()[pri:0, instance:CodeClouds.PracticeFrameWork.ValidationTest@74235045]" started-at="2024-01-23T14:56:23 IST" name="closeBrowser" finished-at="2024-01-23T14:56:23 IST" duration-ms="536" status="PASS">
          <reporter-output>
          </reporter-output>
        </test-method> <!-- closeBrowser -->
      </class> <!-- CodeClouds.PracticeFrameWork.ValidationTest -->
    </test> <!-- Test -->
    <test started-at="2024-01-23T14:56:23 IST" name="Error validation test" finished-at="2024-01-23T14:56:23 IST" duration-ms="3">
    </test> <!-- Error validation test -->
  </suite> <!-- Submit Order Test -->
</testng-results>
