<?xml version="1.0" encoding="UTF-8"?>
<!-- Generated by org.testng.reporters.JUnitXMLReporter -->
<testsuite ignored="2" hostname="CISPL-IO-80" failures="0" tests="0" time="0.001" errors="0" timestamp="2023-10-27T19:20:44 IST">
  <testcase classname="CodeClouds.PracticeFrameWork.OrderPlaced" name="cartVerify" time="0.0">
    <ignored/>
  </testcase> <!-- cartVerify -->
  <testcase classname="CodeClouds.PracticeFrameWork.OrderPlaced" name="submitOrder" time="0.0">
    <ignored/>
  </testcase> <!-- submitOrder -->
</testsuite>
